Build started 03.12.2014 8:50:08.
     1>Project "D:\ТЕКСТЫ\учеба\2 курс\кпияп 2 курс\лабы\лаба 3\ConsoleApplication1\ConsoleApplication1\ConsoleApplication1.vcxproj" on node 2 (Build target(s)).
     1>ClCompile:
         C:\Program Files (x86)\Microsoft Visual Studio 12.0\VC\bin\CL.exe /c /ZI /nologo /W3 /WX- /sdl /Od /Oy- /D WIN32 /D _DEBUG /D _CONSOLE /D _LIB /D _UNICODE /D UNICODE /Gm /EHsc /RTC1 /MDd /GS /fp:precise /Zc:wchar_t /Zc:forScope /Fo"Debug\\" /Fd"Debug\vc120.pdb" /Gd /TP /analyze- /errorReport:prompt ComissionWorker.cpp PrepodCW.cpp human.cpp
         human.cpp
     1>d:\тексты\учеба\2 курс\кпияп 2 курс\лабы\лаба 3\consoleapplication1\consoleapplication1\human.cpp(63): warning C4154: deletion of an array expression; conversion to pointer supplied
     1>d:\тексты\учеба\2 курс\кпияп 2 курс\лабы\лаба 3\consoleapplication1\consoleapplication1\human.cpp(64): warning C4154: deletion of an array expression; conversion to pointer supplied
     1>d:\тексты\учеба\2 курс\кпияп 2 курс\лабы\лаба 3\consoleapplication1\consoleapplication1\human.cpp(65): warning C4154: deletion of an array expression; conversion to pointer supplied
         PrepodCW.cpp
     1>d:\тексты\учеба\2 курс\кпияп 2 курс\лабы\лаба 3\consoleapplication1\consoleapplication1\prepodcw.cpp(71): warning C4154: deletion of an array expression; conversion to pointer supplied
         ComissionWorker.cpp
     1>d:\тексты\учеба\2 курс\кпияп 2 курс\лабы\лаба 3\consoleapplication1\consoleapplication1\comissionworker.cpp(60): warning C4154: deletion of an array expression; conversion to pointer supplied
     1>d:\тексты\учеба\2 курс\кпияп 2 курс\лабы\лаба 3\consoleapplication1\consoleapplication1\comissionworker.cpp(61): warning C4154: deletion of an array expression; conversion to pointer supplied
         Generating Code...
       Link:
         C:\Program Files (x86)\Microsoft Visual Studio 12.0\VC\bin\link.exe /ERRORREPORT:PROMPT /OUT:"D:\ТЕКСТЫ\учеба\2 курс\кпияп 2 курс\лабы\лаба 3\ConsoleApplication1\Debug\ConsoleApplication1.exe" /INCREMENTAL /NOLOGO kernel32.lib user32.lib gdi32.lib winspool.lib comdlg32.lib advapi32.lib shell32.lib ole32.lib oleaut32.lib uuid.lib odbc32.lib odbccp32.lib /MANIFEST /MANIFESTUAC:"level='asInvoker' uiAccess='false'" /manifest:embed /DEBUG /PDB:"D:\ТЕКСТЫ\учеба\2 курс\кпияп 2 курс\лабы\лаба 3\ConsoleApplication1\Debug\ConsoleApplication1.pdb" /SUBSYSTEM:CONSOLE /TLBID:1 /DYNAMICBASE /NXCOMPAT /IMPLIB:"D:\ТЕКСТЫ\учеба\2 курс\кпияп 2 курс\лабы\лаба 3\ConsoleApplication1\Debug\ConsoleApplication1.lib" /MACHINE:X86 Debug\ComissionWorker.obj
         Debug\human.obj
         Debug\prepod.obj
         Debug\PrepodCW.obj
         Debug\Source.obj
         ConsoleApplication1.vcxproj -> D:\ТЕКСТЫ\учеба\2 курс\кпияп 2 курс\лабы\лаба 3\ConsoleApplication1\Debug\ConsoleApplication1.exe
     1>Done Building Project "D:\ТЕКСТЫ\учеба\2 курс\кпияп 2 курс\лабы\лаба 3\ConsoleApplication1\ConsoleApplication1\ConsoleApplication1.vcxproj" (Build target(s)).

Build succeeded.

Time Elapsed 00:00:02.32
